<?xml version="1.0" encoding="UTF-8"?>
<!-- Generated by org.testng.reporters.JUnitReportReporter -->
<testsuite hostname="Sairam" failures="0" tests="1" name="testCases.TC_001_AccountRegistrationTest" time="3.368" errors="0" timestamp="2024-01-11T16:50:32 IST" skipped="0">
  <testcase classname="testCases.TC_001_AccountRegistrationTest" name="test_account_Registration" time="3.368"/>
</testsuite> <!-- testCases.TC_001_AccountRegistrationTest -->
